  Player.cpp
C:\Users\fko2347069\Takeru\自習用\TakeruHearts\TakeruHearts\TakeruHearts\プロジェクトに追加すべきファイル_VC用\DxLib.h(3344,1): warning C4819: ファイルは、現在のコード ページ (932) で表示できない文字を含んでいます。データの損失を防ぐために、ファイルを Unicode 形式で保存してください。
  Collidable.cpp
C:\Users\fko2347069\Takeru\自習用\TakeruHearts\TakeruHearts\TakeruHearts\プロジェクトに追加すべきファイル_VC用\DxLib.h(3344,1): warning C4819: ファイルは、現在のコード ページ (932) で表示できない文字を含んでいます。データの損失を防ぐために、ファイルを Unicode 形式で保存してください。
  Physics.cpp
C:\Users\fko2347069\Takeru\自習用\TakeruHearts\TakeruHearts\TakeruHearts\プロジェクトに追加すべきファイル_VC用\DxLib.h(3344,1): warning C4819: ファイルは、現在のコード ページ (932) で表示できない文字を含んでいます。データの損失を防ぐために、ファイルを Unicode 形式で保存してください。
C:\Program Files\Microsoft Visual Studio\2022\Community\VC\Tools\MSVC\14.34.31933\include\xmemory(680,47): error C2440: '初期化中': 'const TKRLib::Collidable *' から '_Objty' に変換できません。
          with
          [
              _Objty=TKRLib::Collidable *
          ]
C:\Program Files\Microsoft Visual Studio\2022\Community\VC\Tools\MSVC\14.34.31933\include\xmemory(680,47): message : 変換で修飾子が失われます。
C:\Program Files\Microsoft Visual Studio\2022\Community\VC\Tools\MSVC\14.34.31933\include\list(584,1): message : コンパイル対象の関数 テンプレート インスタンス化 'void std::_Default_allocator_traits<_Alloc>::construct<_Ty,const TKRLib::Collidable*&>(_Alloc &,_Objty *const ,const TKRLib::Collidable *&)' のリファレンスを確認してください
          with
          [
              _Alloc=std::allocator<std::_List_node<TKRLib::Collidable *,std::_Default_allocator_traits<std::allocator<TKRLib::Collidable *>>::void_pointer>>,
              _Ty=TKRLib::Collidable *,
              _Objty=TKRLib::Collidable *
          ]
C:\Program Files\Microsoft Visual Studio\2022\Community\VC\Tools\MSVC\14.34.31933\include\list(586,34): message : コンパイル対象の関数 テンプレート インスタンス化 'void std::_Default_allocator_traits<_Alloc>::construct<_Ty,const TKRLib::Collidable*&>(_Alloc &,_Objty *const ,const TKRLib::Collidable *&)' のリファレンスを確認してください
          with
          [
              _Alloc=std::allocator<std::_List_node<TKRLib::Collidable *,std::_Default_allocator_traits<std::allocator<TKRLib::Collidable *>>::void_pointer>>,
              _Ty=TKRLib::Collidable *,
              _Objty=TKRLib::Collidable *
          ]
C:\Program Files\Microsoft Visual Studio\2022\Community\VC\Tools\MSVC\14.34.31933\include\list(1010,1): message : コンパイル対象の関数 テンプレート インスタンス化 'std::_List_node_emplace_op2<std::allocator<std::_List_node<_Ty,std::_Default_allocator_traits<_Alloc>::void_pointer>>>::_List_node_emplace_op2<const TKRLib::Collidable*&>(_Alnode &,const TKRLib::Collidable *&)' のリファレンスを確認してください
          with
          [
              _Ty=TKRLib::Collidable *,
              _Alloc=std::allocator<TKRLib::Collidable *>,
              _Alnode=std::allocator<std::_List_node<TKRLib::Collidable *,std::_Default_allocator_traits<std::allocator<TKRLib::Collidable *>>::void_pointer>>
          ]
C:\Program Files\Microsoft Visual Studio\2022\Community\VC\Tools\MSVC\14.34.31933\include\list(1016,44): message : コンパイル対象の関数 テンプレート インスタンス化 'std::_List_node_emplace_op2<std::allocator<std::_List_node<_Ty,std::_Default_allocator_traits<_Alloc>::void_pointer>>>::_List_node_emplace_op2<const TKRLib::Collidable*&>(_Alnode &,const TKRLib::Collidable *&)' のリファレンスを確認してください
          with
          [
              _Ty=TKRLib::Collidable *,
              _Alloc=std::allocator<TKRLib::Collidable *>,
              _Alnode=std::allocator<std::_List_node<TKRLib::Collidable *,std::_Default_allocator_traits<std::allocator<TKRLib::Collidable *>>::void_pointer>>
          ]
C:\Program Files\Microsoft Visual Studio\2022\Community\VC\Tools\MSVC\14.34.31933\include\list(990,1): message : コンパイル対象の関数 テンプレート インスタンス化 'std::_List_node<_Ty,std::_Default_allocator_traits<_Alloc>::void_pointer> *std::list<_Ty,_Alloc>::_Emplace<const TKRLib::Collidable*&>(std::_List_node<_Ty,std::_Default_allocator_traits<_Alloc>::void_pointer> *const ,const TKRLib::Collidable *&)' のリファレンスを確認してください
          with
          [
              _Ty=TKRLib::Collidable *,
              _Alloc=std::allocator<TKRLib::Collidable *>
          ]
C:\Program Files\Microsoft Visual Studio\2022\Community\VC\Tools\MSVC\14.34.31933\include\list(991,19): message : コンパイル対象の関数 テンプレート インスタンス化 'std::_List_node<_Ty,std::_Default_allocator_traits<_Alloc>::void_pointer> *std::list<_Ty,_Alloc>::_Emplace<const TKRLib::Collidable*&>(std::_List_node<_Ty,std::_Default_allocator_traits<_Alloc>::void_pointer> *const ,const TKRLib::Collidable *&)' のリファレンスを確認してください
          with
          [
              _Ty=TKRLib::Collidable *,
              _Alloc=std::allocator<TKRLib::Collidable *>
          ]
C:\Users\fko2347069\Takeru\自習用\TakeruHearts\TakeruHearts\TakeruHearts\TakeruHearts\TKRLib\Physics.cpp(13,38): message : コンパイル対象の関数 テンプレート インスタンス化 'void std::list<TKRLib::Collidable *,std::allocator<TKRLib::Collidable *>>::emplace_back<const TKRLib::Collidable*&>(const TKRLib::Collidable *&)' のリファレンスを確認してください
  main.cpp
C:\Users\fko2347069\Takeru\自習用\TakeruHearts\TakeruHearts\TakeruHearts\プロジェクトに追加すべきファイル_VC用\DxLib.h(3344,1): warning C4819: ファイルは、現在のコード ページ (932) で表示できない文字を含んでいます。データの損失を防ぐために、ファイルを Unicode 形式で保存してください。
  SceneManager.cpp
C:\Users\fko2347069\Takeru\自習用\TakeruHearts\TakeruHearts\TakeruHearts\プロジェクトに追加すべきファイル_VC用\DxLib.h(3344,1): warning C4819: ファイルは、現在のコード ページ (932) で表示できない文字を含んでいます。データの損失を防ぐために、ファイルを Unicode 形式で保存してください。
  SceneGame.cpp
C:\Users\fko2347069\Takeru\自習用\TakeruHearts\TakeruHearts\TakeruHearts\プロジェクトに追加すべきファイル_VC用\DxLib.h(3344,1): warning C4819: ファイルは、現在のコード ページ (932) で表示できない文字を含んでいます。データの損失を防ぐために、ファイルを Unicode 形式で保存してください。
